<?xml version='1.0' encoding='UTF-8' ?>
<testsuite name="superawesome.tv.saadloaderdemo.SAAdLoader_Async_Tests2" tests="26" failures="0" errors="0" skipped="0" time="11.739" timestamp="2017-01-31T12:33:50" hostname="localhost">
  <properties>
    <property name="device" value="Nexus 5 - 6.0.1" />
    <property name="flavor" value="" />
    <property name="project" value="app" />
  </properties>
  <testcase name="testAds1" classname="superawesome.tv.saadloaderdemo.SAAdLoader_Async_Tests2" time="2.863" />
  <testcase name="testAds2" classname="superawesome.tv.saadloaderdemo.SAAdLoader_Async_Tests2" time="2.722" />
  <testcase name="testAds" classname="superawesome.tv.saadloaderdemo.SAAdLoader_Async_Tests" time="0.0" />
  <testcase name="testApplicationTestCaseSetUpProperly" classname="superawesome.tv.saadloaderdemo.SAAdLoader_Async_Tests" time="0.0" />
  <testcase name="testAndroidTestCaseSetupProperly" classname="superawesome.tv.saadloaderdemo.SAAdLoader_Async_Tests" time="0.0" />
  <testcase name="testGetAwesomeAdsEndpoint1" classname="superawesome.tv.saadloaderdemo.SAAdLoader_Endpoint_Tests" time="0.0" />
  <testcase name="testGetAwesomeAdsEndpoint2" classname="superawesome.tv.saadloaderdemo.SAAdLoader_Endpoint_Tests" time="0.0" />
  <testcase name="testGetAwesomeAdsEndpoint3" classname="superawesome.tv.saadloaderdemo.SAAdLoader_Endpoint_Tests" time="0.0" />
  <testcase name="testGetAwesomeAdsEndpoint4" classname="superawesome.tv.saadloaderdemo.SAAdLoader_Endpoint_Tests" time="0.0" />
  <testcase name="testGetAwesomeAdsHeader1" classname="superawesome.tv.saadloaderdemo.SAAdLoader_Endpoint_Tests" time="0.03" />
  <testcase name="testGetAwesomeAdsHeader2" classname="superawesome.tv.saadloaderdemo.SAAdLoader_Endpoint_Tests" time="0.0" />
  <testcase name="testGetAwesomeAdsHeader3" classname="superawesome.tv.saadloaderdemo.SAAdLoader_Endpoint_Tests" time="0.0" />
  <testcase name="testGetAwesomeAdsQuery1" classname="superawesome.tv.saadloaderdemo.SAAdLoader_Endpoint_Tests" time="0.0" />
  <testcase name="testGetAwesomeAdsQuery2" classname="superawesome.tv.saadloaderdemo.SAAdLoader_Endpoint_Tests" time="0.0" />
  <testcase name="testGetAwesomeAdsQuery3" classname="superawesome.tv.saadloaderdemo.SAAdLoader_Endpoint_Tests" time="0.0" />
  <testcase name="testGetAwesomeAdsQuery4" classname="superawesome.tv.saadloaderdemo.SAAdLoader_Endpoint_Tests" time="0.028" />
  <testcase name="testApplicationTestCaseSetUpProperly" classname="superawesome.tv.saadloaderdemo.SAAdLoader_Endpoint_Tests" time="0.0" />
  <testcase name="testAndroidTestCaseSetupProperly" classname="superawesome.tv.saadloaderdemo.SAAdLoader_Endpoint_Tests" time="0.0" />
  <testcase name="testEvents" classname="superawesome.tv.saadloaderdemo.SAAdLoader_ProcessEvents_Tests" time="0.0" />
  <testcase name="testApplicationTestCaseSetUpProperly" classname="superawesome.tv.saadloaderdemo.SAAdLoader_ProcessEvents_Tests" time="0.0" />
  <testcase name="testAndroidTestCaseSetupProperly" classname="superawesome.tv.saadloaderdemo.SAAdLoader_ProcessEvents_Tests" time="0.0" />
  <testcase name="testProcessImage" classname="superawesome.tv.saadloaderdemo.SAAdLoader_ProcessHTML_Tests" time="0.0" />
  <testcase name="testProcessRichMedia" classname="superawesome.tv.saadloaderdemo.SAAdLoader_ProcessHTML_Tests" time="0.0" />
  <testcase name="testProcessTag" classname="superawesome.tv.saadloaderdemo.SAAdLoader_ProcessHTML_Tests" time="0.0" />
  <testcase name="testApplicationTestCaseSetUpProperly" classname="superawesome.tv.saadloaderdemo.SAAdLoader_ProcessHTML_Tests" time="0.0" />
  <testcase name="testAndroidTestCaseSetupProperly" classname="superawesome.tv.saadloaderdemo.SAAdLoader_ProcessHTML_Tests" time="0.0" />
</testsuite>